<?xml version="1.0" encoding="UTF-8"?>
<!-- Generated by org.testng.reporters.JUnitXMLReporter -->
<testsuite ignored="0" hostname="SivaSai" failures="0" tests="3" name="Default test" time="48.664" errors="0" timestamp="2025-08-23T10:58:20 IST">
  <testcase classname="August19Lab.LoginModify" name="validlogin" time="5.432"/>
  <testcase classname="August19Lab.LoginModify" name="negativeuser" time="6.224"/>
  <testcase classname="August19Lab.LoginModify" name="negativepass" time="4.205"/>
</testsuite> <!-- Default test -->
